<?xml version="1.0" encoding="UTF-8"?>
<testsuite name="ico.fes.intro.IntroApplicationTests" tests="1" skipped="0" failures="0" errors="0" timestamp="2023-05-20T20:30:11" hostname="LAPTOP-6THI169R" time="0.514">
  <properties/>
  <testcase name="contextLoads()" classname="ico.fes.intro.IntroApplicationTests" time="0.514"/>
  <system-out><![CDATA[14:30:10.690 [Test worker] INFO org.springframework.test.context.support.AnnotationConfigContextLoaderUtils -- Could not detect default configuration classes for test class [ico.fes.intro.IntroApplicationTests]: IntroApplicationTests does not declare any static, non-private, non-final, nested classes annotated with @Configuration.
14:30:10.761 [Test worker] INFO org.springframework.boot.test.context.SpringBootTestContextBootstrapper -- Found @SpringBootConfiguration ico.fes.intro.IntroApplication for test class ico.fes.intro.IntroApplicationTests

  .   ____          _            __ _ _
 /\\ / ___'_ __ _ _(_)_ __  __ _ \ \ \ \
( ( )\___ | '_ | '_| | '_ \/ _` | \ \ \ \
 \\/  ___)| |_)| | | | | || (_| |  ) ) ) )
  '  |____| .__|_| |_|_| |_\__, | / / / /
 =========|_|==============|___/=/_/_/_/
 :: Spring Boot ::                (v3.1.0)

2023-05-20T14:30:11.028-06:00  INFO 8156 --- [    Test worker] ico.fes.intro.IntroApplicationTests      : Starting IntroApplicationTests using Java 17.0.7 with PID 8156 (started by MONTSE GARCIA in C:\Users\MONTSE GARCIA\Desktop\intro (2)\intro)
2023-05-20T14:30:11.030-06:00  INFO 8156 --- [    Test worker] ico.fes.intro.IntroApplicationTests      : No active profile set, falling back to 1 default profile: "default"
2023-05-20T14:30:11.698-06:00  INFO 8156 --- [    Test worker] o.s.b.a.w.s.WelcomePageHandlerMapping    : Adding welcome page template: index
2023-05-20T14:30:11.810-06:00  INFO 8156 --- [    Test worker] ico.fes.intro.IntroApplicationTests      : Started IntroApplicationTests in 0.938 seconds (process running for 1.863)
]]></system-out>
  <system-err><![CDATA[]]></system-err>
</testsuite>
